<?xml version="1.0" encoding="UTF-8"?>
<!-- Generated by org.testng.reporters.JUnitReportReporter -->
<testsuite hostname="DESKTOP-3M1GM3M" failures="0" tests="1" name="testCases.Tc_001_Verify_LoginSuccesful" time="14.588" errors="0" timestamp="2025-06-26T16:37:44 IST" skipped="0">
  <testcase classname="testCases.Tc_001_Verify_LoginSuccesful" name="LoginSuccessfu" time="14.588"/>
</testsuite> <!-- testCases.Tc_001_Verify_LoginSuccesful -->
