<?xml version="1.0" encoding="UTF-8"?>
<!-- Generated by org.testng.reporters.JUnitReportReporter -->
<testsuite hostname="DESKTOP-3M1GM3M" failures="0" tests="2" name="testCases.Tc_002_Login_dtt" time="24.094" errors="0" timestamp="2025-06-26T17:30:44 IST" skipped="0">
  <testcase classname="testCases.Tc_002_Login_dtt" name="ValidateLogin" time="12.194"/>
  <testcase classname="testCases.Tc_002_Login_dtt" name="ValidateLogin" time="11.900"/>
</testsuite> <!-- testCases.Tc_002_Login_dtt -->
