<?xml version="1.0" encoding="UTF-8"?>
<!-- Generated by org.testng.reporters.JUnitReportReporter -->
<testsuite hostname="DESKTOP-3M1GM3M" failures="0" tests="1" name="testCases.Tc_001_Verify_LoginSuccesful" time="16.670" errors="0" timestamp="2025-06-26T17:30:44 IST" skipped="0">
  <testcase classname="testCases.Tc_001_Verify_LoginSuccesful" name="LoginSuccessfu" time="16.670"/>
</testsuite> <!-- testCases.Tc_001_Verify_LoginSuccesful -->
